#
# There is insufficient memory for the Java Runtime Environment to continue.
# Native memory allocation (mmap) failed to map 96468992 bytes. Error detail: G1 virtual space
# Possible reasons:
#   The system is out of physical RAM or swap space
#   This process is running with CompressedOops enabled, and the Java Heap may be blocking the growth of the native heap
# Possible solutions:
#   Reduce memory load on the system
#   Increase physical memory or swap space
#   Check if swap backing store is full
#   Decrease Java heap size (-Xmx/-Xms)
#   Decrease number of Java threads
#   Decrease Java thread stack sizes (-Xss)
#   Set larger code cache with -XX:ReservedCodeCacheSize=
#   JVM is running with Unscaled Compressed Oops mode in which the Java heap is
#     placed in the first 4GB address space. The Java Heap base address is the
#     maximum limit for the native heap growth. Please use -XX:HeapBaseMinAddress
#     to set the Java Heap base and to place the Java Heap above 4GB virtual address.
# This output file may be truncated or incomplete.
#
#  Out of Memory Error (os_windows.cpp:3898), pid=210072, tid=189584
#
# JRE version:  (21.0.7+9) (build )
# Java VM: OpenJDK 64-Bit Server VM (21.0.7+9-b895.130, mixed mode, sharing, tiered, compressed oops, compressed class ptrs, g1 gc, windows-amd64)
# No core dump will be written. Minidumps are not enabled by default on client versions of Windows
#

---------------  S U M M A R Y ------------

Command Line: git4idea.http.GitAskPassApp Username for 'https://github.com': 

Host: AMD Ryzen 5 7520U with Radeon Graphics         , 8 cores, 5G,  Windows 11 , 64 bit Build 26100 (10.0.26100.5074)
Time: Tue Oct 21 20:15:25 2025 Hora oficial do Brasil elapsed time: 1.137726 seconds (0d 0h 0m 1s)

---------------  T H R E A D  ---------------

Current thread (0x000002856aa31920):  JavaThread "Unknown thread" [_thread_in_vm, id=189584, stack(0x000000f1bbd00000,0x000000f1bbe00000) (1024K)]

Stack: [0x000000f1bbd00000,0x000000f1bbe00000]
Native frames: (J=compiled Java code, j=interpreted, Vv=VM code, C=native code)
V  [jvm.dll+0x6e6049]
V  [jvm.dll+0x8c4343]
V  [jvm.dll+0x8c689e]
V  [jvm.dll+0x8c6f83]
V  [jvm.dll+0x289266]
V  [jvm.dll+0x6e28c5]
V  [jvm.dll+0x6d634a]
V  [jvm.dll+0x36388b]
V  [jvm.dll+0x36b456]
V  [jvm.dll+0x3bd7e6]
V  [jvm.dll+0x3bdab8]
V  [jvm.dll+0x335fdc]
V  [jvm.dll+0x336ccb]
V  [jvm.dll+0x88b7a9]
V  [jvm.dll+0x3ca9b8]
V  [jvm.dll+0x8747f8]
V  [jvm.dll+0x45f3ce]
V  [jvm.dll+0x4610b1]
C  [jli.dll+0x52ab]
C  [ucrtbase.dll+0x37b0]
C  [KERNEL32.DLL+0x2e8d7]
C  [ntdll.dll+0x8d9c]


---------------  P R O C E S S  ---------------

Threads class SMR info:
_java_thread_list=0x00007ff86d6cb148, length=0, elements={
}

Java Threads: ( => current thread )
Total: 0

Other Threads:
  0x000002856ce6cdd0 WorkerThread "GC Thread#0"                     [id=208936, stack(0x000000f1bbe00000,0x000000f1bbf00000) (1024K)]
  0x000002856ce7a3f0 ConcurrentGCThread "G1 Main Marker"            [id=207204, stack(0x000000f1bbf00000,0x000000f1bc000000) (1024K)]
  0x000002856ce7b690 WorkerThread "G1 Conc#0"                       [id=210656, stack(0x000000f1bc000000,0x000000f1bc100000) (1024K)]

[error occurred during error reporting (printing all threads), id 0xc0000005, EXCEPTION_ACCESS_VIOLATION (0xc0000005) at pc=0x00007ff86cdb90b7]
VM state: not at safepoint (not fully initialized)

VM Mutex/Monitor currently owned by a thread:  ([mutex/lock_event])
[0x00007ff86d73fab8] Heap_lock - owner thread: 0x000002856aa31920

Heap address: 0x00000000a4200000, size: 1470 MB, Compressed Oops mode: 32-bit

CDS archive(s) mapped at: [0x0000000000000000-0x0000000000000000-0x0000000000000000), size 0, SharedBaseAddress: 0x0000000800000000, ArchiveRelocationMode: 1.
Narrow klass base: 0x0000000000000000, Narrow klass shift: 0, Narrow klass range: 0x0

GC Precious Log:
 CardTable entry size: 512
 Card Set container configuration: InlinePtr #cards 5 size 8 Array Of Cards #cards 12 size 40 Howl #buckets 4 coarsen threshold 1843 Howl Bitmap #cards 512 size 80 coarsen threshold 460 Card regions per heap region 1 cards per card region 2048

Heap:
 garbage-first heap   total 0K, used 0K [0x00000000a4200000, 0x0000000100000000)
  region size 1024K, 0 young (0K), 0 survivors (0K)
 Metaspace       used 0K, committed 0K, reserved 0K
  class space    used 0K, committed 0K, reserved 0K

Heap Regions: E=young(eden), S=young(survivor), O=old, HS=humongous(starts), HC=humongous(continues), CS=collection set, F=free, TAMS=top-at-mark-start, PB=parsable bottom

Card table byte_map: [0x0000028500510000,0x00000285007f0000] _byte_map_base: 0x00000284fffef000

Marking Bits: (CMBitMap*) 0x000002856ce6d4d0
 Bits: [0x00000285007f0000, 0x0000028501ee8000)

GC Heap History (0 events):
No events

Dll operation events (1 events):
Event: 0.028 Loaded shared library C:\Program Files\JetBrains\IntelliJ IDEA 2025.1.4.1\jbr\bin\java.dll

Deoptimization events (0 events):
No events

Classes loaded (0 events):
No events

Classes unloaded (0 events):
No events

Classes redefined (0 events):
No events

Internal exceptions (0 events):
No events

ZGC Phase Switch (0 events):
No events

VM Operations (0 events):
No events

Memory protections (0 events):
No events

Nmethod flushes (0 events):
No events

Events (0 events):
No events


Dynamic libraries:
0x00007ff63b5e0000 - 0x00007ff63b5ea000 	C:\Program Files\JetBrains\IntelliJ IDEA 2025.1.4.1\jbr\bin\java.exe
0x00007ff935140000 - 0x00007ff9353a9000 	C:\WINDOWS\SYSTEM32\ntdll.dll
0x00007ff933690000 - 0x00007ff933759000 	C:\WINDOWS\System32\KERNEL32.DLL
0x00007ff9322d0000 - 0x00007ff9326c3000 	C:\WINDOWS\System32\KERNELBASE.dll
0x00007ff932a40000 - 0x00007ff932b8b000 	C:\WINDOWS\System32\ucrtbase.dll
0x00007ff922fc0000 - 0x00007ff922fdb000 	C:\Program Files\JetBrains\IntelliJ IDEA 2025.1.4.1\jbr\bin\VCRUNTIME140.dll
0x00007ff8fdc00000 - 0x00007ff8fdc18000 	C:\Program Files\JetBrains\IntelliJ IDEA 2025.1.4.1\jbr\bin\jli.dll
0x00007ff932fc0000 - 0x00007ff933184000 	C:\WINDOWS\System32\USER32.dll
0x00007ff932c30000 - 0x00007ff932c57000 	C:\WINDOWS\System32\win32u.dll
0x00007ff933f20000 - 0x00007ff933f4b000 	C:\WINDOWS\System32\GDI32.dll
0x00007ff9326d0000 - 0x00007ff9327fd000 	C:\WINDOWS\System32\gdi32full.dll
0x00007ff932cf0000 - 0x00007ff932d93000 	C:\WINDOWS\System32\msvcp_win.dll
0x00007ff91f880000 - 0x00007ff91fb13000 	C:\WINDOWS\WinSxS\amd64_microsoft.windows.common-controls_6595b64144ccf1df_6.0.26100.5074_none_3e0d6f78e32fd63f\COMCTL32.dll
0x00007ff932f10000 - 0x00007ff932fb9000 	C:\WINDOWS\System32\msvcrt.dll
0x00007ff933c80000 - 0x00007ff933caf000 	C:\WINDOWS\System32\IMM32.DLL
0x00007ff92f3e0000 - 0x00007ff92f3ec000 	C:\Program Files\JetBrains\IntelliJ IDEA 2025.1.4.1\jbr\bin\vcruntime140_1.dll
0x00007ff8e95a0000 - 0x00007ff8e962d000 	C:\Program Files\JetBrains\IntelliJ IDEA 2025.1.4.1\jbr\bin\msvcp140.dll
0x00007ff86ca70000 - 0x00007ff86d831000 	C:\Program Files\JetBrains\IntelliJ IDEA 2025.1.4.1\jbr\bin\server\jvm.dll
0x00007ff9335d0000 - 0x00007ff933684000 	C:\WINDOWS\System32\ADVAPI32.dll
0x00007ff933f70000 - 0x00007ff934016000 	C:\WINDOWS\System32\sechost.dll
0x00007ff934cf0000 - 0x00007ff934e08000 	C:\WINDOWS\System32\RPCRT4.dll
0x00007ff934ea0000 - 0x00007ff934f14000 	C:\WINDOWS\System32\WS2_32.dll
0x00007ff932130000 - 0x00007ff93218e000 	C:\WINDOWS\SYSTEM32\POWRPROF.dll
0x00007ff927220000 - 0x00007ff927255000 	C:\WINDOWS\SYSTEM32\WINMM.dll
0x00007ff91ff90000 - 0x00007ff91ff9b000 	C:\WINDOWS\SYSTEM32\VERSION.dll
0x00007ff932110000 - 0x00007ff932124000 	C:\WINDOWS\SYSTEM32\UMPDC.dll
0x00007ff931010000 - 0x00007ff93102b000 	C:\WINDOWS\SYSTEM32\kernel.appcore.dll
0x00007ff922fb0000 - 0x00007ff922fba000 	C:\Program Files\JetBrains\IntelliJ IDEA 2025.1.4.1\jbr\bin\jimage.dll
0x00007ff926230000 - 0x00007ff926472000 	C:\WINDOWS\SYSTEM32\DBGHELP.DLL
0x00007ff933840000 - 0x00007ff933bbb000 	C:\WINDOWS\System32\combase.dll
0x00007ff933760000 - 0x00007ff933837000 	C:\WINDOWS\System32\OLEAUT32.dll
0x00007ff91ec30000 - 0x00007ff91ec6d000 	C:\WINDOWS\SYSTEM32\dbgcore.DLL
0x00007ff932b90000 - 0x00007ff932c29000 	C:\WINDOWS\System32\bcryptPrimitives.dll
0x00007ff91db20000 - 0x00007ff91db40000 	C:\Program Files\JetBrains\IntelliJ IDEA 2025.1.4.1\jbr\bin\java.dll

dbghelp: loaded successfully - version: 4.0.5 - missing functions: none
symbol engine: initialized successfully - sym options: 0x614 - pdb path: .;C:\Program Files\JetBrains\IntelliJ IDEA 2025.1.4.1\jbr\bin;C:\WINDOWS\SYSTEM32;C:\WINDOWS\WinSxS\amd64_microsoft.windows.common-controls_6595b64144ccf1df_6.0.26100.5074_none_3e0d6f78e32fd63f;C:\Program Files\JetBrains\IntelliJ IDEA 2025.1.4.1\jbr\bin\server

VM Arguments:
java_command: git4idea.http.GitAskPassApp Username for 'https://github.com': 
java_class_path (initial): C:/Program Files/JetBrains/IntelliJ IDEA 2025.1.4.1/plugins/vcs-git/lib/git4idea-rt.jar;C:/Program Files/JetBrains/IntelliJ IDEA 2025.1.4.1/lib/externalProcess-rt.jar
Launcher Type: SUN_STANDARD

[Global flags]
     intx CICompilerCount                          = 4                                         {product} {ergonomic}
     uint ConcGCThreads                            = 2                                         {product} {ergonomic}
     uint G1ConcRefinementThreads                  = 8                                         {product} {ergonomic}
   size_t G1HeapRegionSize                         = 1048576                                   {product} {ergonomic}
    uintx GCDrainStackTargetSize                   = 64                                        {product} {ergonomic}
   size_t InitialHeapSize                          = 96468992                                  {product} {ergonomic}
   size_t MarkStackSize                            = 4194304                                   {product} {ergonomic}
   size_t MaxHeapSize                              = 1541406720                                {product} {ergonomic}
   size_t MinHeapDeltaBytes                        = 1048576                                   {product} {ergonomic}
   size_t MinHeapSize                              = 8388608                                   {product} {ergonomic}
    uintx NonNMethodCodeHeapSize                   = 5839372                                {pd product} {ergonomic}
    uintx NonProfiledCodeHeapSize                  = 122909434                              {pd product} {ergonomic}
    uintx ProfiledCodeHeapSize                     = 122909434                              {pd product} {ergonomic}
    uintx ReservedCodeCacheSize                    = 251658240                              {pd product} {ergonomic}
     bool SegmentedCodeCache                       = true                                      {product} {ergonomic}
   size_t SoftMaxHeapSize                          = 1541406720                             {manageable} {ergonomic}
     bool UseCompressedOops                        = true                           {product lp64_product} {ergonomic}
     bool UseG1GC                                  = true                                      {product} {ergonomic}
     bool UseLargePagesIndividualAllocation        = false                                  {pd product} {ergonomic}

Logging:
Log output configuration:
 #0: stdout all=warning uptime,level,tags foldmultilines=false
 #1: stderr all=off uptime,level,tags foldmultilines=false

Environment Variables:
PATH=C:/Program Files/Git/mingw64/libexec/git-core;C:/Program Files/Git/mingw64/libexec/git-core;C:\Program Files\Git\mingw64\bin;C:\Program Files\Git\usr\bin;C:\Users\nicko\bin;C:\WINDOWS\system32;C:\WINDOWS;C:\WINDOWS\System32\Wbem;C:\WINDOWS\System32\WindowsPowerShell\v1.0\;C:\WINDOWS\System32\OpenSSH\;C:\Program Files\Git\cmd;C:\Users\nicko\AppData\Local\Programs\Python\Python313\Scripts\;C:\Users\nicko\AppData\Local\Programs\Python\Python313\;C:\Users\nicko\AppData\Local\Microsoft\WindowsApps;C:\Users\nicko\AppData\Local\Programs\Microsoft VS Code\bin
USERNAME=nicko
DISPLAY=:0.0
LC_ALL=en_US.UTF-8
TERM=xterm-256color
TMPDIR=C:\Users\nicko\AppData\Local\Temp
OS=Windows_NT
PROCESSOR_IDENTIFIER=AMD64 Family 23 Model 160 Stepping 0, AuthenticAMD
TMP=C:\Users\nicko\AppData\Local\Temp
TEMP=C:\Users\nicko\AppData\Local\Temp




Periodic native trim disabled

JNI global refs:
JNI global refs: 0, weak refs: 0

JNI global refs memory usage: 0, weak refs: 0

Process memory usage:
Resident Set Size: 12680K (0% of 6018300K total physical memory with 541872K free physical memory)

OOME stack traces (most recent first):
Classloader memory used:

---------------  S Y S T E M  ---------------

OS:
 Windows 11 , 64 bit Build 26100 (10.0.26100.5074)
OS uptime: 25 days 10:55 hours
Hyper-V role detected

CPU: total 8 (initial active 8) (8 cores per cpu, 2 threads per core) family 23 model 160 stepping 0 microcode 0x8a0000b, cx8, cmov, fxsr, ht, mmx, 3dnowpref, sse, sse2, sse3, ssse3, sse4a, sse4.1, sse4.2, popcnt, lzcnt, tsc, tscinvbit, avx, avx2, aes, clmul, bmi1, bmi2, adx, sha, fma, vzeroupper, clflush, clflushopt, hv, rdtscp, rdpid, f16c
Processor Information for the first 8 processors :
  Max Mhz: 2801, Current Mhz: 2801, Mhz Limit: 2801

Memory: 4k page, system-wide physical 5877M (529M free)
TotalPageFile size 24309M (AvailPageFile size 120M)
current process WorkingSet (physical memory assigned to process): 12M, peak: 12M
current process commit charge ("private bytes"): 60M, peak: 152M

vm_info: OpenJDK 64-Bit Server VM (21.0.7+9-b895.130) for windows-amd64 JRE (21.0.7+9-b895.130), built on 2025-05-13 by "builduser" with MS VC++ 16.10 / 16.11 (VS2019)

END.
